e:\desktop file\邓俊辉 数据结构\dsa\src\sum\release\sum.bsc
e:\desktop file\邓俊辉 数据结构\dsa\src\sum\release\vc141.pdb
e:\desktop file\邓俊辉 数据结构\dsa\src\sum\release\shuffle.sbr
e:\desktop file\邓俊辉 数据结构\dsa\src\sum\release\reverse-iterative-1.sbr
e:\desktop file\邓俊辉 数据结构\dsa\src\sum\release\reverse.sbr
e:\desktop file\邓俊辉 数据结构\dsa\src\sum\release\print_int_array.sbr
e:\desktop file\邓俊辉 数据结构\dsa\src\sum\release\main.sbr
e:\desktop file\邓俊辉 数据结构\dsa\src\sum\release\sum0.sbr
e:\desktop file\邓俊辉 数据结构\dsa\src\sum\release\sum1.sbr
e:\desktop file\邓俊辉 数据结构\dsa\src\sum\release\sum2.sbr
e:\desktop file\邓俊辉 数据结构\dsa\src\sum\release\sum2.obj
e:\desktop file\邓俊辉 数据结构\dsa\src\sum\release\sum1.obj
e:\desktop file\邓俊辉 数据结构\dsa\src\sum\release\sum0.obj
e:\desktop file\邓俊辉 数据结构\dsa\src\sum\release\main.obj
e:\desktop file\邓俊辉 数据结构\dsa\src\sum\release\print_int_array.obj
e:\desktop file\邓俊辉 数据结构\dsa\src\sum\release\reverse.obj
e:\desktop file\邓俊辉 数据结构\dsa\src\sum\release\reverse-iterative-1.obj
e:\desktop file\邓俊辉 数据结构\dsa\src\sum\release\shuffle.obj
e:\desktop file\邓俊辉 数据结构\dsa\src\release\sum.exe
e:\desktop file\邓俊辉 数据结构\dsa\src\sum\release\sum.pdb
e:\desktop file\邓俊辉 数据结构\dsa\src\sum\release\sum.tlog\bscmake.command.1.tlog
e:\desktop file\邓俊辉 数据结构\dsa\src\sum\release\sum.tlog\bscmake.read.1.tlog
e:\desktop file\邓俊辉 数据结构\dsa\src\sum\release\sum.tlog\bscmake.write.1.tlog
e:\desktop file\邓俊辉 数据结构\dsa\src\sum\release\sum.tlog\cl.command.1.tlog
e:\desktop file\邓俊辉 数据结构\dsa\src\sum\release\sum.tlog\cl.read.1.tlog
e:\desktop file\邓俊辉 数据结构\dsa\src\sum\release\sum.tlog\cl.write.1.tlog
e:\desktop file\邓俊辉 数据结构\dsa\src\sum\release\sum.tlog\link.command.1.tlog
e:\desktop file\邓俊辉 数据结构\dsa\src\sum\release\sum.tlog\link.read.1.tlog
e:\desktop file\邓俊辉 数据结构\dsa\src\sum\release\sum.tlog\link.write.1.tlog
