  Graph_Test.cpp
e:\desktop file\邓俊辉 数据结构\dsa\src\skiplist\quadlistnode_insert.h(12): warning C5037: QuadlistNode<T>::insertAsSuccAbove: 类模板的成员的外部定义不得具有默认参数
e:\desktop file\邓俊辉 数据结构\dsa\src\skiplist\quadlist_insert.h(12): warning C5037: Quadlist<T>::insertAfterAbove: 类模板的成员的外部定义不得具有默认参数
e:\desktop file\邓俊辉 数据结构\dsa\src\graph\graph_bcc.h(29): error C3861: “min”: 找不到标识符
  e:\desktop file\邓俊辉 数据结构\dsa\src\graph\graph_bcc.h(22): note: 编译 类 模板 成员函数 "void Graph<Tv,Te>::BCC(int,int &,Stack<int> &)" 时
          with
          [
              Tv=char,
              Te=int
          ]
  e:\desktop file\邓俊辉 数据结构\dsa\src\graph\graph_bcc.h(15): note: 参见对正在编译的函数 模板 实例化“void Graph<Tv,Te>::BCC(int,int &,Stack<int> &)”的引用
          with
          [
              Tv=char,
              Te=int
          ]
  e:\desktop file\邓俊辉 数据结构\dsa\src\graph\graph_bfs.h(12): note: 编译 类 模板 成员函数 "void Graph<Tv,Te>::bfs(int)" 时
          with
          [
              Tv=char,
              Te=int
          ]
  e:\desktop file\邓俊辉 数据结构\dsa\src\graph\graph_test.cpp(91): note: 参见对正在编译的函数 模板 实例化“void Graph<Tv,Te>::bfs(int)”的引用
          with
          [
              Tv=char,
              Te=int
          ]
  e:\desktop file\邓俊辉 数据结构\dsa\src\graphmatrix\graphmatrix.h(29): note: 参见对正在编译的 类 模板 实例化 "Graph<Tv,Te>" 的引用
          with
          [
              Tv=char,
              Te=int
          ]
  e:\desktop file\邓俊辉 数据结构\dsa\src\graph\graph_test.cpp(63): note: 参见对正在编译的 类 模板 实例化 "GraphMatrix<char,int>" 的引用
e:\desktop file\邓俊辉 数据结构\dsa\src\graph\graph_bcc.h(40): error C3861: “min”: 找不到标识符
e:\desktop file\邓俊辉 数据结构\dsa\src\uniprint\print_graphmatrix.h(18): warning C4477: “printf”: 格式字符串“%d”需要类型“int”的参数，但可变参数 2 拥有了类型“GraphMatrix<char,int> *”
  e:\desktop file\邓俊辉 数据结构\dsa\src\uniprint\print.h(34): note: 参见对正在编译的函数 模板 实例化“void UniPrint::p<char,int>(GraphMatrix<char,int> &)”的引用
  e:\desktop file\邓俊辉 数据结构\dsa\src\graph\graph_test.cpp(63): note: 参见对正在编译的函数 模板 实例化“void print<GraphMatrix<char,int>>(T &)”的引用
          with
          [
              T=GraphMatrix<char,int>
          ]
